2021-12-10-21-59 [background-preinit] [org.hibernate.validator.internal.util.Version] [INFO] - HV000001: Hibernate Validator 6.0.12.Final
2021-12-10-21-59 [main] [com.zz.StartUp] [INFO] - Starting StartUp on LAPTOP-AUP2260A with PID 19720 (D:\project\springbootTest\target\classes started by HP in D:\project\springbootTest)
2021-12-10-21-59 [main] [com.zz.StartUp] [INFO] - The following profiles are active: dev
2021-12-10-21-59 [main] [org.springframework.boot.web.servlet.context.AnnotationConfigServletWebServerApplicationContext] [INFO] - Refreshing org.springframework.boot.web.servlet.context.AnnotationConfigServletWebServerApplicationContext@7fcf2fc1: startup date [Fri Dec 10 21:59:14 GMT+08:00 2021]; root of context hierarchy
2021-12-10-21-59 [main] [org.springframework.context.support.PostProcessorRegistrationDelegate$BeanPostProcessorChecker] [INFO] - Bean 'org.springframework.transaction.annotation.ProxyTransactionManagementConfiguration' of type [org.springframework.transaction.annotation.ProxyTransactionManagementConfiguration$$EnhancerBySpringCGLIB$$2a2e9753] is not eligible for getting processed by all BeanPostProcessors (for example: not eligible for auto-proxying)
2021-12-10-21-59 [main] [org.springframework.boot.web.embedded.tomcat.TomcatWebServer] [INFO] - Tomcat initialized with port(s): 8080 (http)
2021-12-10-21-59 [localhost-startStop-1] [org.springframework.web.context.ContextLoader] [INFO] - Root WebApplicationContext: initialization completed in 1200 ms
2021-12-10-21-59 [localhost-startStop-1] [org.springframework.boot.web.servlet.ServletRegistrationBean] [INFO] - Servlet dispatcherServlet mapped to [/]
2021-12-10-21-59 [localhost-startStop-1] [org.springframework.boot.web.servlet.ServletRegistrationBean] [INFO] - Servlet statViewServlet mapped to [/druid/*]
2021-12-10-21-59 [localhost-startStop-1] [org.springframework.boot.web.servlet.FilterRegistrationBean] [INFO] - Mapping filter: 'characterEncodingFilter' to: [/*]
2021-12-10-21-59 [localhost-startStop-1] [org.springframework.boot.web.servlet.FilterRegistrationBean] [INFO] - Mapping filter: 'hiddenHttpMethodFilter' to: [/*]
2021-12-10-21-59 [localhost-startStop-1] [org.springframework.boot.web.servlet.FilterRegistrationBean] [INFO] - Mapping filter: 'httpPutFormContentFilter' to: [/*]
2021-12-10-21-59 [localhost-startStop-1] [org.springframework.boot.web.servlet.FilterRegistrationBean] [INFO] - Mapping filter: 'requestContextFilter' to: [/*]
2021-12-10-21-59 [localhost-startStop-1] [org.springframework.boot.web.servlet.FilterRegistrationBean] [INFO] - Mapping filter: 'webStatFilter' to urls: [/*]
2021-12-10-21-59 [main] [com.alibaba.druid.spring.boot.autoconfigure.DruidDataSourceAutoConfigure] [INFO] - Init DruidDataSource
2021-12-10-21-59 [main] [com.alibaba.druid.pool.DruidDataSource] [INFO] - {dataSource-1} inited
2021-12-10-21-59 [main] [org.springframework.orm.jpa.LocalContainerEntityManagerFactoryBean] [INFO] - Building JPA container EntityManagerFactory for persistence unit 'default'
2021-12-10-21-59 [main] [org.hibernate.Version] [INFO] - HHH000412: Hibernate Core {5.2.17.Final}
2021-12-10-21-59 [main] [org.hibernate.cfg.Environment] [INFO] - HHH000206: hibernate.properties not found
2021-12-10-21-59 [main] [org.hibernate.annotations.common.Version] [INFO] - HCANN000001: Hibernate Commons Annotations {5.0.1.Final}
2021-12-10-21-59 [main] [org.hibernate.dialect.Dialect] [INFO] - HHH000400: Using dialect: org.hibernate.dialect.MySQL5Dialect
2021-12-10-21-59 [main] [org.springframework.orm.jpa.LocalContainerEntityManagerFactoryBean] [INFO] - Initialized JPA EntityManagerFactory for persistence unit 'default'
2021-12-10-21-59 [main] [org.springframework.web.servlet.handler.SimpleUrlHandlerMapping] [INFO] - Mapped URL path [/**/favicon.ico] onto handler of type [class org.springframework.web.servlet.resource.ResourceHttpRequestHandler]
2021-12-10-21-59 [main] [org.springframework.web.servlet.mvc.method.annotation.RequestMappingHandlerAdapter] [INFO] - Looking for @ControllerAdvice: org.springframework.boot.web.servlet.context.AnnotationConfigServletWebServerApplicationContext@7fcf2fc1: startup date [Fri Dec 10 21:59:14 GMT+08:00 2021]; root of context hierarchy
2021-12-10-21-59 [main] [org.springframework.web.servlet.mvc.method.annotation.RequestMappingHandlerAdapter] [INFO] - Detected ResponseBodyAdvice bean in commonResponseBodyAdvice
2021-12-10-21-59 [main] [org.springframework.boot.autoconfigure.orm.jpa.JpaBaseConfiguration$JpaWebConfiguration$JpaWebMvcConfiguration] [WARN] - spring.jpa.open-in-view is enabled by default. Therefore, database queries may be performed during view rendering. Explicitly configure spring.jpa.open-in-view to disable this warning
2021-12-10-21-59 [main] [org.springframework.web.servlet.mvc.method.annotation.RequestMappingHandlerMapping] [INFO] - Mapped "{[/test/list]}" onto public com.github.pagehelper.PageInfo<com.zz.entity.User> com.zz.controller.TestController.list(int,int)
2021-12-10-21-59 [main] [org.springframework.web.servlet.mvc.method.annotation.RequestMappingHandlerMapping] [INFO] - Mapped "{[/test/exception],methods=[POST]}" onto public void com.zz.controller.TestController.exception()
2021-12-10-21-59 [main] [org.springframework.web.servlet.mvc.method.annotation.RequestMappingHandlerMapping] [INFO] - Mapped "{[/test/success],methods=[POST]}" onto public com.zz.entity.User com.zz.controller.TestController.success()
2021-12-10-21-59 [main] [org.springframework.web.servlet.mvc.method.annotation.RequestMappingHandlerMapping] [INFO] - Mapped "{[/test/header],methods=[POST]}" onto public com.zz.entity.User com.zz.controller.TestController.header(com.zz.entity.User)
2021-12-10-21-59 [main] [org.springframework.web.servlet.mvc.method.annotation.RequestMappingHandlerMapping] [INFO] - Mapped "{[/test/queryByPage],methods=[POST]}" onto public org.springframework.data.domain.Page<com.zz.entity.User> com.zz.controller.TestController.queryByPage(com.zz.entity.User,org.springframework.data.domain.PageRequest)
2021-12-10-21-59 [main] [org.springframework.web.servlet.mvc.method.annotation.RequestMappingHandlerMapping] [INFO] - Mapped "{[/user/add],methods=[POST]}" onto public org.springframework.http.ResponseEntity<com.zz.entity.User> com.zz.controller.UserController.add(com.zz.entity.User)
2021-12-10-21-59 [main] [org.springframework.web.servlet.mvc.method.annotation.RequestMappingHandlerMapping] [INFO] - Mapped "{[/user/deleteById/{id}],methods=[DELETE]}" onto public org.springframework.http.ResponseEntity<java.lang.Boolean> com.zz.controller.UserController.deleteById(java.lang.Integer)
2021-12-10-21-59 [main] [org.springframework.web.servlet.mvc.method.annotation.RequestMappingHandlerMapping] [INFO] - Mapped "{[/user/{id}],methods=[GET]}" onto public org.springframework.http.ResponseEntity<com.zz.entity.User> com.zz.controller.UserController.queryById(java.lang.Integer)
2021-12-10-21-59 [main] [org.springframework.web.servlet.mvc.method.annotation.RequestMappingHandlerMapping] [INFO] - Mapped "{[/user/edit],methods=[PUT]}" onto public org.springframework.http.ResponseEntity<com.zz.entity.User> com.zz.controller.UserController.edit(com.zz.entity.User)
2021-12-10-21-59 [main] [org.springframework.web.servlet.mvc.method.annotation.RequestMappingHandlerMapping] [INFO] - Mapped "{[/user/queryByPage],methods=[POST]}" onto public org.springframework.http.ResponseEntity<org.springframework.data.domain.Page<com.zz.entity.User>> com.zz.controller.UserController.queryByPage(com.zz.entity.User,org.springframework.data.domain.PageRequest)
2021-12-10-21-59 [main] [org.springframework.web.servlet.mvc.method.annotation.RequestMappingHandlerMapping] [INFO] - Mapped "{[/error]}" onto public org.springframework.http.ResponseEntity<java.util.Map<java.lang.String, java.lang.Object>> org.springframework.boot.autoconfigure.web.servlet.error.BasicErrorController.error(javax.servlet.http.HttpServletRequest)
2021-12-10-21-59 [main] [org.springframework.web.servlet.mvc.method.annotation.RequestMappingHandlerMapping] [INFO] - Mapped "{[/error],produces=[text/html]}" onto public org.springframework.web.servlet.ModelAndView org.springframework.boot.autoconfigure.web.servlet.error.BasicErrorController.errorHtml(javax.servlet.http.HttpServletRequest,javax.servlet.http.HttpServletResponse)
2021-12-10-21-59 [main] [org.springframework.web.servlet.handler.SimpleUrlHandlerMapping] [INFO] - Mapped URL path [/webjars/**] onto handler of type [class org.springframework.web.servlet.resource.ResourceHttpRequestHandler]
2021-12-10-21-59 [main] [org.springframework.web.servlet.handler.SimpleUrlHandlerMapping] [INFO] - Mapped URL path [/**] onto handler of type [class org.springframework.web.servlet.resource.ResourceHttpRequestHandler]
2021-12-10-21-59 [main] [org.springframework.web.servlet.mvc.method.annotation.ExceptionHandlerExceptionResolver] [INFO] - Detected ResponseBodyAdvice implementation in commonResponseBodyAdvice
2021-12-10-21-59 [main] [org.springframework.jmx.export.annotation.AnnotationMBeanExporter] [INFO] - Registering beans for JMX exposure on startup
2021-12-10-21-59 [main] [org.springframework.jmx.export.annotation.AnnotationMBeanExporter] [INFO] - Bean with name 'statFilter' has been autodetected for JMX exposure
2021-12-10-21-59 [main] [org.springframework.jmx.export.annotation.AnnotationMBeanExporter] [INFO] - Bean with name 'dataSource' has been autodetected for JMX exposure
2021-12-10-21-59 [main] [org.springframework.jmx.export.annotation.AnnotationMBeanExporter] [INFO] - Located MBean 'dataSource': registering with JMX server as MBean [com.alibaba.druid.spring.boot.autoconfigure:name=dataSource,type=DruidDataSourceWrapper]
2021-12-10-21-59 [main] [org.springframework.jmx.export.annotation.AnnotationMBeanExporter] [INFO] - Located MBean 'statFilter': registering with JMX server as MBean [com.alibaba.druid.filter.stat:name=statFilter,type=StatFilter]
2021-12-10-21-59 [main] [org.springframework.boot.web.embedded.tomcat.TomcatWebServer] [INFO] - Tomcat started on port(s): 8080 (http) with context path ''
2021-12-10-21-59 [main] [com.zz.StartUp] [INFO] - Started StartUp in 3.355 seconds (JVM running for 4.312)
2021-12-10-21-59 [http-nio-8080-exec-2] [org.springframework.web.servlet.DispatcherServlet] [INFO] - FrameworkServlet 'dispatcherServlet': initialization started
2021-12-10-21-59 [http-nio-8080-exec-2] [org.springframework.web.servlet.DispatcherServlet] [INFO] - FrameworkServlet 'dispatcherServlet': initialization completed in 16 ms
2021-12-10-21-59 [http-nio-8080-exec-2] [com.zz.controller.TestController] [INFO] - pageNo=1,pageSize=10
2021-12-10-22-01 [Thread-8] [org.springframework.boot.web.servlet.context.AnnotationConfigServletWebServerApplicationContext] [INFO] - Closing org.springframework.boot.web.servlet.context.AnnotationConfigServletWebServerApplicationContext@7fcf2fc1: startup date [Fri Dec 10 21:59:14 GMT+08:00 2021]; root of context hierarchy
2021-12-10-22-01 [Thread-8] [org.springframework.jmx.export.annotation.AnnotationMBeanExporter] [INFO] - Unregistering JMX-exposed beans on shutdown
2021-12-10-22-01 [Thread-8] [org.springframework.jmx.export.annotation.AnnotationMBeanExporter] [INFO] - Unregistering JMX-exposed beans
2021-12-10-22-01 [Thread-8] [org.springframework.orm.jpa.LocalContainerEntityManagerFactoryBean] [INFO] - Closing JPA EntityManagerFactory for persistence unit 'default'
2021-12-10-22-01 [Thread-8] [com.alibaba.druid.pool.DruidDataSource] [INFO] - {dataSource-1} closed
2021-12-10-22-01 [background-preinit] [org.hibernate.validator.internal.util.Version] [INFO] - HV000001: Hibernate Validator 6.0.12.Final
2021-12-10-22-01 [main] [com.zz.StartUp] [INFO] - Starting StartUp on LAPTOP-AUP2260A with PID 19748 (D:\project\springbootTest\target\classes started by HP in D:\project\springbootTest)
2021-12-10-22-01 [main] [com.zz.StartUp] [INFO] - The following profiles are active: dev
2021-12-10-22-01 [main] [org.springframework.boot.web.servlet.context.AnnotationConfigServletWebServerApplicationContext] [INFO] - Refreshing org.springframework.boot.web.servlet.context.AnnotationConfigServletWebServerApplicationContext@4f6f416f: startup date [Fri Dec 10 22:01:17 GMT+08:00 2021]; root of context hierarchy
2021-12-10-22-01 [main] [org.springframework.context.support.PostProcessorRegistrationDelegate$BeanPostProcessorChecker] [INFO] - Bean 'org.springframework.transaction.annotation.ProxyTransactionManagementConfiguration' of type [org.springframework.transaction.annotation.ProxyTransactionManagementConfiguration$$EnhancerBySpringCGLIB$$56721246] is not eligible for getting processed by all BeanPostProcessors (for example: not eligible for auto-proxying)
2021-12-10-22-01 [main] [org.springframework.boot.web.embedded.tomcat.TomcatWebServer] [INFO] - Tomcat initialized with port(s): 8080 (http)
2021-12-10-22-01 [localhost-startStop-1] [org.springframework.web.context.ContextLoader] [INFO] - Root WebApplicationContext: initialization completed in 1133 ms
2021-12-10-22-01 [localhost-startStop-1] [org.springframework.boot.web.servlet.ServletRegistrationBean] [INFO] - Servlet dispatcherServlet mapped to [/]
2021-12-10-22-01 [localhost-startStop-1] [org.springframework.boot.web.servlet.ServletRegistrationBean] [INFO] - Servlet statViewServlet mapped to [/druid/*]
2021-12-10-22-01 [localhost-startStop-1] [org.springframework.boot.web.servlet.FilterRegistrationBean] [INFO] - Mapping filter: 'characterEncodingFilter' to: [/*]
2021-12-10-22-01 [localhost-startStop-1] [org.springframework.boot.web.servlet.FilterRegistrationBean] [INFO] - Mapping filter: 'hiddenHttpMethodFilter' to: [/*]
2021-12-10-22-01 [localhost-startStop-1] [org.springframework.boot.web.servlet.FilterRegistrationBean] [INFO] - Mapping filter: 'httpPutFormContentFilter' to: [/*]
2021-12-10-22-01 [localhost-startStop-1] [org.springframework.boot.web.servlet.FilterRegistrationBean] [INFO] - Mapping filter: 'requestContextFilter' to: [/*]
2021-12-10-22-01 [localhost-startStop-1] [org.springframework.boot.web.servlet.FilterRegistrationBean] [INFO] - Mapping filter: 'webStatFilter' to urls: [/*]
2021-12-10-22-01 [main] [com.alibaba.druid.spring.boot.autoconfigure.DruidDataSourceAutoConfigure] [INFO] - Init DruidDataSource
2021-12-10-22-01 [main] [com.alibaba.druid.pool.DruidDataSource] [INFO] - {dataSource-1} inited
2021-12-10-22-01 [main] [org.springframework.orm.jpa.LocalContainerEntityManagerFactoryBean] [INFO] - Building JPA container EntityManagerFactory for persistence unit 'default'
2021-12-10-22-01 [main] [org.hibernate.Version] [INFO] - HHH000412: Hibernate Core {5.2.17.Final}
2021-12-10-22-01 [main] [org.hibernate.cfg.Environment] [INFO] - HHH000206: hibernate.properties not found
2021-12-10-22-01 [main] [org.hibernate.annotations.common.Version] [INFO] - HCANN000001: Hibernate Commons Annotations {5.0.1.Final}
2021-12-10-22-01 [main] [org.hibernate.dialect.Dialect] [INFO] - HHH000400: Using dialect: org.hibernate.dialect.MySQL5Dialect
2021-12-10-22-01 [main] [org.springframework.orm.jpa.LocalContainerEntityManagerFactoryBean] [INFO] - Initialized JPA EntityManagerFactory for persistence unit 'default'
2021-12-10-22-01 [main] [org.springframework.web.servlet.handler.SimpleUrlHandlerMapping] [INFO] - Mapped URL path [/**/favicon.ico] onto handler of type [class org.springframework.web.servlet.resource.ResourceHttpRequestHandler]
2021-12-10-22-01 [main] [org.springframework.web.servlet.mvc.method.annotation.RequestMappingHandlerAdapter] [INFO] - Looking for @ControllerAdvice: org.springframework.boot.web.servlet.context.AnnotationConfigServletWebServerApplicationContext@4f6f416f: startup date [Fri Dec 10 22:01:17 GMT+08:00 2021]; root of context hierarchy
2021-12-10-22-01 [main] [org.springframework.web.servlet.mvc.method.annotation.RequestMappingHandlerAdapter] [INFO] - Detected ResponseBodyAdvice bean in commonResponseBodyAdvice
2021-12-10-22-01 [main] [org.springframework.boot.autoconfigure.orm.jpa.JpaBaseConfiguration$JpaWebConfiguration$JpaWebMvcConfiguration] [WARN] - spring.jpa.open-in-view is enabled by default. Therefore, database queries may be performed during view rendering. Explicitly configure spring.jpa.open-in-view to disable this warning
2021-12-10-22-01 [main] [org.springframework.web.servlet.mvc.method.annotation.RequestMappingHandlerMapping] [INFO] - Mapped "{[/test/list]}" onto public com.github.pagehelper.PageInfo<com.zz.entity.User> com.zz.controller.TestController.list(int,int)
2021-12-10-22-01 [main] [org.springframework.web.servlet.mvc.method.annotation.RequestMappingHandlerMapping] [INFO] - Mapped "{[/test/exception],methods=[POST]}" onto public void com.zz.controller.TestController.exception()
2021-12-10-22-01 [main] [org.springframework.web.servlet.mvc.method.annotation.RequestMappingHandlerMapping] [INFO] - Mapped "{[/test/success],methods=[POST]}" onto public com.zz.entity.User com.zz.controller.TestController.success()
2021-12-10-22-01 [main] [org.springframework.web.servlet.mvc.method.annotation.RequestMappingHandlerMapping] [INFO] - Mapped "{[/test/header],methods=[POST]}" onto public com.zz.entity.User com.zz.controller.TestController.header(com.zz.entity.User)
2021-12-10-22-01 [main] [org.springframework.web.servlet.mvc.method.annotation.RequestMappingHandlerMapping] [INFO] - Mapped "{[/test/queryByPage],methods=[POST]}" onto public org.springframework.data.domain.Page<com.zz.entity.User> com.zz.controller.TestController.queryByPage(com.zz.entity.User,org.springframework.data.domain.PageRequest)
2021-12-10-22-01 [main] [org.springframework.web.servlet.mvc.method.annotation.RequestMappingHandlerMapping] [INFO] - Mapped "{[/user/add],methods=[POST]}" onto public org.springframework.http.ResponseEntity<com.zz.entity.User> com.zz.controller.UserController.add(com.zz.entity.User)
2021-12-10-22-01 [main] [org.springframework.web.servlet.mvc.method.annotation.RequestMappingHandlerMapping] [INFO] - Mapped "{[/user/queryByPage],methods=[POST]}" onto public org.springframework.http.ResponseEntity<org.springframework.data.domain.Page<com.zz.entity.User>> com.zz.controller.UserController.queryByPage(com.zz.entity.User,org.springframework.data.domain.PageRequest)
2021-12-10-22-01 [main] [org.springframework.web.servlet.mvc.method.annotation.RequestMappingHandlerMapping] [INFO] - Mapped "{[/user/deleteById/{id}],methods=[DELETE]}" onto public org.springframework.http.ResponseEntity<java.lang.Boolean> com.zz.controller.UserController.deleteById(java.lang.Integer)
2021-12-10-22-01 [main] [org.springframework.web.servlet.mvc.method.annotation.RequestMappingHandlerMapping] [INFO] - Mapped "{[/user/edit],methods=[PUT]}" onto public org.springframework.http.ResponseEntity<com.zz.entity.User> com.zz.controller.UserController.edit(com.zz.entity.User)
2021-12-10-22-01 [main] [org.springframework.web.servlet.mvc.method.annotation.RequestMappingHandlerMapping] [INFO] - Mapped "{[/user/{id}],methods=[GET]}" onto public org.springframework.http.ResponseEntity<com.zz.entity.User> com.zz.controller.UserController.queryById(java.lang.Integer)
2021-12-10-22-01 [main] [org.springframework.web.servlet.mvc.method.annotation.RequestMappingHandlerMapping] [INFO] - Mapped "{[/error]}" onto public org.springframework.http.ResponseEntity<java.util.Map<java.lang.String, java.lang.Object>> org.springframework.boot.autoconfigure.web.servlet.error.BasicErrorController.error(javax.servlet.http.HttpServletRequest)
2021-12-10-22-01 [main] [org.springframework.web.servlet.mvc.method.annotation.RequestMappingHandlerMapping] [INFO] - Mapped "{[/error],produces=[text/html]}" onto public org.springframework.web.servlet.ModelAndView org.springframework.boot.autoconfigure.web.servlet.error.BasicErrorController.errorHtml(javax.servlet.http.HttpServletRequest,javax.servlet.http.HttpServletResponse)
2021-12-10-22-01 [main] [org.springframework.web.servlet.handler.SimpleUrlHandlerMapping] [INFO] - Mapped URL path [/webjars/**] onto handler of type [class org.springframework.web.servlet.resource.ResourceHttpRequestHandler]
2021-12-10-22-01 [main] [org.springframework.web.servlet.handler.SimpleUrlHandlerMapping] [INFO] - Mapped URL path [/**] onto handler of type [class org.springframework.web.servlet.resource.ResourceHttpRequestHandler]
2021-12-10-22-01 [main] [org.springframework.web.servlet.mvc.method.annotation.ExceptionHandlerExceptionResolver] [INFO] - Detected ResponseBodyAdvice implementation in commonResponseBodyAdvice
2021-12-10-22-01 [main] [org.springframework.jmx.export.annotation.AnnotationMBeanExporter] [INFO] - Registering beans for JMX exposure on startup
2021-12-10-22-01 [main] [org.springframework.jmx.export.annotation.AnnotationMBeanExporter] [INFO] - Bean with name 'statFilter' has been autodetected for JMX exposure
2021-12-10-22-01 [main] [org.springframework.jmx.export.annotation.AnnotationMBeanExporter] [INFO] - Bean with name 'dataSource' has been autodetected for JMX exposure
2021-12-10-22-01 [main] [org.springframework.jmx.export.annotation.AnnotationMBeanExporter] [INFO] - Located MBean 'dataSource': registering with JMX server as MBean [com.alibaba.druid.spring.boot.autoconfigure:name=dataSource,type=DruidDataSourceWrapper]
2021-12-10-22-01 [main] [org.springframework.jmx.export.annotation.AnnotationMBeanExporter] [INFO] - Located MBean 'statFilter': registering with JMX server as MBean [com.alibaba.druid.filter.stat:name=statFilter,type=StatFilter]
2021-12-10-22-01 [main] [org.springframework.boot.web.embedded.tomcat.TomcatWebServer] [INFO] - Tomcat started on port(s): 8080 (http) with context path ''
2021-12-10-22-01 [main] [com.zz.StartUp] [INFO] - Started StartUp in 3.274 seconds (JVM running for 4.259)
2021-12-10-22-01 [http-nio-8080-exec-2] [org.springframework.web.servlet.DispatcherServlet] [INFO] - FrameworkServlet 'dispatcherServlet': initialization started
2021-12-10-22-01 [http-nio-8080-exec-2] [org.springframework.web.servlet.DispatcherServlet] [INFO] - FrameworkServlet 'dispatcherServlet': initialization completed in 20 ms
2021-12-10-22-01 [http-nio-8080-exec-2] [com.zz.controller.TestController] [INFO] - pageNo=1,pageSize=10
2021-12-10-22-02 [http-nio-8080-exec-3] [com.zz.controller.TestController] [INFO] - pageNo=1,pageSize=10
